c:\users\admin\onedrive\рабочий стол\kurs\kurs\x64\debug\vc143.pdb
c:\users\admin\onedrive\рабочий стол\kurs\kurs\x64\debug\.netframework,version=v4.7.2.assemblyattributes.obj
c:\users\admin\onedrive\рабочий стол\kurs\kurs\x64\debug\reg.obj
c:\users\admin\onedrive\рабочий стол\kurs\kurs\x64\debug\avtoriz.obj
c:\users\admin\onedrive\рабочий стол\kurs\kurs\x64\debug\add.obj
c:\users\admin\onedrive\рабочий стол\kurs\kurs\x64\debug\mainform.obj
c:\users\admin\onedrive\рабочий стол\kurs\kurs\x64\debug\vazno.obj
c:\users\admin\onedrive\рабочий стол\kurs\kurs\x64\debug\done.obj
c:\users\admin\onedrive\рабочий стол\kurs\kurs\x64\debug\modify.obj
c:\users\admin\onedrive\рабочий стол\kurs\kurs\x64\debug\predst.obj
c:\users\admin\onedrive\рабочий стол\kurs\kurs\x64\debug\f1.obj
c:\users\admin\onedrive\рабочий стол\kurs\x64\debug\kurs.exe
c:\users\admin\onedrive\рабочий стол\kurs\x64\debug\kurs.pdb
c:\users\admin\onedrive\рабочий стол\kurs\kurs\x64\debug\main.obj
c:\users\admin\onedrive\рабочий стол\kurs\kurs\x64\debug\myform.obj
c:\users\admin\onedrive\рабочий стол\kurs\kurs\x64\debug\kurs.tlog\cl.command.1.tlog
c:\users\admin\onedrive\рабочий стол\kurs\kurs\x64\debug\kurs.tlog\cl.items.tlog
c:\users\admin\onedrive\рабочий стол\kurs\kurs\x64\debug\kurs.tlog\cl.read.1.tlog
c:\users\admin\onedrive\рабочий стол\kurs\kurs\x64\debug\kurs.tlog\cl.write.1.tlog
c:\users\admin\onedrive\рабочий стол\kurs\kurs\x64\debug\kurs.tlog\link.command.1.tlog
c:\users\admin\onedrive\рабочий стол\kurs\kurs\x64\debug\kurs.tlog\link.read.1.tlog
c:\users\admin\onedrive\рабочий стол\kurs\kurs\x64\debug\kurs.tlog\link.secondary.1.tlog
c:\users\admin\onedrive\рабочий стол\kurs\kurs\x64\debug\kurs.tlog\link.write.1.tlog
c:\users\admin\onedrive\рабочий стол\kurs\kurs\x64\debug\kurs.tlog\metagen.read.1.tlog
c:\users\admin\onedrive\рабочий стол\kurs\kurs\x64\debug\kurs.tlog\metagen.write.1.tlog
c:\users\admin\onedrive\рабочий стол\kurs\kurs\x64\debug\kurs.tlog\resgen.command.1.tlog
c:\users\admin\onedrive\рабочий стол\kurs\kurs\x64\debug\kurs.tlog\resgen.read.1.tlog
c:\users\admin\onedrive\рабочий стол\kurs\kurs\x64\debug\kurs.tlog\resgen.write.1.tlog
