  add.cpp
C:\Users\Admin\OneDrive\Рабочий стол\kurs\kurs\add.h(370,21): warning C4101: e: неиспользованная локальная переменная
  (компиляция исходного файла "add.cpp")
  
  avtoriz.cpp
C:\Users\Admin\OneDrive\Рабочий стол\kurs\kurs\reg.h(343,20): warning C4101: e: неиспользованная локальная переменная
  (компиляция исходного файла "avtoriz.cpp")
  
C:\Users\Admin\OneDrive\Рабочий стол\kurs\kurs\add.h(370,21): warning C4101: e: неиспользованная локальная переменная
  (компиляция исходного файла "avtoriz.cpp")
  
C:\Users\Admin\OneDrive\Рабочий стол\kurs\kurs\modify.h(424,21): warning C4101: e: неиспользованная локальная переменная
  (компиляция исходного файла "avtoriz.cpp")
  
C:\Users\Admin\OneDrive\Рабочий стол\kurs\kurs\modify.h(474,21): warning C4101: e: неиспользованная локальная переменная
  (компиляция исходного файла "avtoriz.cpp")
  
  done.cpp
C:\Users\Admin\OneDrive\Рабочий стол\kurs\kurs\add.h(370,21): warning C4101: e: неиспользованная локальная переменная
  (компиляция исходного файла "done.cpp")
  
C:\Users\Admin\OneDrive\Рабочий стол\kurs\kurs\modify.h(424,21): warning C4101: e: неиспользованная локальная переменная
  (компиляция исходного файла "done.cpp")
  
C:\Users\Admin\OneDrive\Рабочий стол\kurs\kurs\modify.h(474,21): warning C4101: e: неиспользованная локальная переменная
  (компиляция исходного файла "done.cpp")
  
  F1.cpp
  MainForm.cpp
C:\Users\Admin\OneDrive\Рабочий стол\kurs\kurs\add.h(370,21): warning C4101: e: неиспользованная локальная переменная
  (компиляция исходного файла "MainForm.cpp")
  
C:\Users\Admin\OneDrive\Рабочий стол\kurs\kurs\modify.h(424,21): warning C4101: e: неиспользованная локальная переменная
  (компиляция исходного файла "MainForm.cpp")
  
C:\Users\Admin\OneDrive\Рабочий стол\kurs\kurs\modify.h(474,21): warning C4101: e: неиспользованная локальная переменная
  (компиляция исходного файла "MainForm.cpp")
  
  modify.cpp
C:\Users\Admin\OneDrive\Рабочий стол\kurs\kurs\modify.h(424,21): warning C4101: e: неиспользованная локальная переменная
  (компиляция исходного файла "modify.cpp")
  
C:\Users\Admin\OneDrive\Рабочий стол\kurs\kurs\modify.h(474,21): warning C4101: e: неиспользованная локальная переменная
  (компиляция исходного файла "modify.cpp")
  
  predst.cpp
C:\Users\Admin\OneDrive\Рабочий стол\kurs\kurs\add.h(370,21): warning C4101: e: неиспользованная локальная переменная
  (компиляция исходного файла "predst.cpp")
  
C:\Users\Admin\OneDrive\Рабочий стол\kurs\kurs\modify.h(424,21): warning C4101: e: неиспользованная локальная переменная
  (компиляция исходного файла "predst.cpp")
  
C:\Users\Admin\OneDrive\Рабочий стол\kurs\kurs\modify.h(474,21): warning C4101: e: неиспользованная локальная переменная
  (компиляция исходного файла "predst.cpp")
  
  reg.cpp
C:\Users\Admin\OneDrive\Рабочий стол\kurs\kurs\reg.h(343,20): warning C4101: e: неиспользованная локальная переменная
  (компиляция исходного файла "reg.cpp")
  
  vazno.cpp
C:\Users\Admin\OneDrive\Рабочий стол\kurs\kurs\add.h(370,21): warning C4101: e: неиспользованная локальная переменная
  (компиляция исходного файла "vazno.cpp")
  
C:\Users\Admin\OneDrive\Рабочий стол\kurs\kurs\modify.h(424,21): warning C4101: e: неиспользованная локальная переменная
  (компиляция исходного файла "vazno.cpp")
  
C:\Users\Admin\OneDrive\Рабочий стол\kurs\kurs\modify.h(474,21): warning C4101: e: неиспользованная локальная переменная
  (компиляция исходного файла "vazno.cpp")
  
  .NETFramework,Version=v4.7.2.AssemblyAttributes.cpp
  Создание кода...
  add.obj : обнаружен модуль MSIL; для MSIL последовательная компоновка отключена; выполняется полная компоновка
  kurs.vcxproj -> C:\Users\Admin\OneDrive\Рабочий стол\kurs\x64\Release\kurs.exe
